Arguments: 
  /usr/local/bin/node /usr/local/bin/yarn add gulp

PATH: 
  ~/.composer/vendor/bin:/Users/rui/文档/program/phantomjs-2.1.1-macosx/bin:/usr/local/bin:/Users/rui/.nvm/versions/node/v7.7.1/bin:/usr/local/bin:/usr/bin:/bin:/usr/sbin:/sbin:/Users/rui/Library/Android/sdk/tools:/Users/rui/Library/Android/sdk/platform-tools

Yarn version: 
  0.21.3

Node version: 
  7.7.1

Platform: 
  darwin x64

npm manifest: 
  {
    "name": "coding-standard",
    "version": "1.0.0",
    "description": "standard",
    "main": "index.js",
    "dependencies": {
      "colors": "^1.1.2",
      "config": "^1.25.1",
      "lodash": "^4.17.2",
      "markdown-it": "^8.3.0",
      "moment": "^2.17.1",
      "nedb": "^1.8.0",
      "node-notifier": "^4.6.1",
      "nodemailer": "^2.7.0",
      "webpack": "^2.2.1"
    },
    "devDependencies": {
      "babel-core": "^6.8.0",
      "babel-loader": "^6.2.4",
      "babel-plugin-transform-runtime": "^6.12.0",
      "babel-preset-es2015": "^6.13.2",
      "babel-preset-es2016": "^6.11.3",
      "babel-preset-es2017": "^6.14.0",
      "babel-runtime": "^6.0.0",
      "gulp": "^3.9.1",
      "gulp-babel": "^6.1.2",
      "gulp-sourcemaps": "^1.6.0",
      "source-map-support": "^0.4.2",
      "webpack": "^2.2.1"
    },
    "scripts": {
      "test": "echo \"Error: no test specified\" && exit 1"
    },
    "repository": {
      "type": "git",
      "url": "git+https://github.com/uruir/codingStandard.git"
    },
    "keywords": [
      "standard"
    ],
    "author": "tu rui",
    "license": "MIT",
    "bugs": {
      "url": "https://github.com/uruir/codingStandard/issues"
    },
    "homepage": "https://github.com/uruir/codingStandard#readme"
  }

yarn manifest: 
  No manifest

Lockfile: 
  No lockfile

Trace: 
  Error: EEXIST: file already exists, mkdir '/Users/rui/WebstormProjects/codingStandard/node_modules/chalk'
